# JRE version: Java(TM) SE Runtime Environment (8.0_25-b17) (build 1.8.0_25-b17)
# Java VM: Java HotSpot(TM) 64-Bit Server VM (25.25-b02 mixed mode linux-amd64 compressed oops)
Heap:
 PSYoungGen      total 247808K, used 23154K [0x00000000ec780000, 0x00000000ffa00000, 0x0000000100000000)
  eden space 181248K, 0% used [0x00000000ec780000,0x00000000ec780000,0x00000000f7880000)
  from space 66560K, 34% used [0x00000000f7880000,0x00000000f8f1c818,0x00000000fb980000)
  to   space 63488K, 0% used [0x00000000fbc00000,0x00000000fbc00000,0x00000000ffa00000)
 ParOldGen       total 305152K, used 305146K [0x00000000c5600000, 0x00000000d8000000, 0x00000000ec780000)
  object space 305152K, 99% used [0x00000000c5600000,0x00000000d7ffeae0,0x00000000d8000000)
 Metaspace       used 16022K, capacity 16662K, committed 16896K, reserved 1062912K
  class space    used 2280K, capacity 2445K, committed 2560K, reserved 1048576K
GC Heap History (10 events):
Event: 84.551 GC heap after
Heap after GC invocations=44 (full 5):
 PSYoungGen      total 199168K, used 42624K [0x00000000ec780000, 0x00000000fea00000, 0x0000000100000000)
  eden space 128512K, 0% used [0x00000000ec780000,0x00000000ec780000,0x00000000f4500000)
  from space 70656K, 60% used [0x00000000f4500000,0x00000000f6ea0010,0x00000000f8a00000)
  to   space 70656K, 0% used [0x00000000fa500000,0x00000000fa500000,0x00000000fea00000)
 ParOldGen       total 305152K, used 252980K [0x00000000c5600000, 0x00000000d8000000, 0x00000000ec780000)
  object space 305152K, 82% used [0x00000000c5600000,0x00000000d4d0d2f8,0x00000000d8000000)
 Metaspace       used 16022K, capacity 16662K, committed 16896K, reserved 1062912K
  class space    used 2280K, capacity 2445K, committed 2560K, reserved 1048576K
}
Event: 84.757 GC heap before
{Heap before GC invocations=45 (full 5):
 PSYoungGen      total 199168K, used 171136K [0x00000000ec780000, 0x00000000fea00000, 0x0000000100000000)
  eden space 128512K, 100% used [0x00000000ec780000,0x00000000f4500000,0x00000000f4500000)
  from space 70656K, 60% used [0x00000000f4500000,0x00000000f6ea0010,0x00000000f8a00000)
  to   space 70656K, 0% used [0x00000000fa500000,0x00000000fa500000,0x00000000fea00000)
 ParOldGen       total 305152K, used 252980K [0x00000000c5600000, 0x00000000d8000000, 0x00000000ec780000)
  object space 305152K, 82% used [0x00000000c5600000,0x00000000d4d0d2f8,0x00000000d8000000)
 Metaspace       used 16022K, capacity 16662K, committed 16896K, reserved 1062912K
  class space    used 2280K, capacity 2445K, committed 2560K, reserved 1048576K
Event: 89.665 GC heap after
Heap after GC invocations=45 (full 5):
 PSYoungGen      total 227328K, used 40704K [0x00000000ec780000, 0x00000000fea00000, 0x0000000100000000)
  eden space 156672K, 0% used [0x00000000ec780000,0x00000000ec780000,0x00000000f6080000)
  from space 70656K, 57% used [0x00000000fa500000,0x00000000fccc0010,0x00000000fea00000)
  to   space 70144K, 0% used [0x00000000f6080000,0x00000000f6080000,0x00000000fa500000)
 ParOldGen       total 305152K, used 261852K [0x00000000c5600000, 0x00000000d8000000, 0x00000000ec780000)
  object space 305152K, 85% used [0x00000000c5600000,0x00000000d55b72f8,0x00000000d8000000)
 Metaspace       used 16022K, capacity 16662K, committed 16896K, reserved 1062912K
  class space    used 2280K, capacity 2445K, committed 2560K, reserved 1048576K
}
Event: 89.922 GC heap before
{Heap before GC invocations=46 (full 5):
 PSYoungGen      total 227328K, used 197376K [0x00000000ec780000, 0x00000000fea00000, 0x0000000100000000)
  eden space 156672K, 100% used [0x00000000ec780000,0x00000000f6080000,0x00000000f6080000)
  from space 70656K, 57% used [0x00000000fa500000,0x00000000fccc0010,0x00000000fea00000)
  to   space 70144K, 0% used [0x00000000f6080000,0x00000000f6080000,0x00000000fa500000)
 ParOldGen       total 305152K, used 261852K [0x00000000c5600000, 0x00000000d8000000, 0x00000000ec780000)
  object space 305152K, 85% used [0x00000000c5600000,0x00000000d55b72f8,0x00000000d8000000)
 Metaspace       used 16022K, capacity 16662K, committed 16896K, reserved 1062912K
  class space    used 2280K, capacity 2445K, committed 2560K, reserved 1048576K
Event: 90.078 GC heap after
Heap after GC invocations=46 (full 5):
 PSYoungGen      total 226816K, used 39584K [0x00000000ec780000, 0x00000000ffc80000, 0x0000000100000000)
  eden space 156672K, 0% used [0x00000000ec780000,0x00000000ec780000,0x00000000f6080000)
  from space 70144K, 56% used [0x00000000f6080000,0x00000000f8728010,0x00000000fa500000)
  to   space 68608K, 0% used [0x00000000fb980000,0x00000000fb980000,0x00000000ffc80000)
 ParOldGen       total 305152K, used 271508K [0x00000000c5600000, 0x00000000d8000000, 0x00000000ec780000)
  object space 305152K, 88% used [0x00000000c5600000,0x00000000d5f252f8,0x00000000d8000000)
 Metaspace       used 16022K, capacity 16662K, committed 16896K, reserved 1062912K
  class space    used 2280K, capacity 2445K, committed 2560K, reserved 1048576K
}
Event: 90.340 GC heap before
{Heap before GC invocations=47 (full 5):
 PSYoungGen      total 226816K, used 196256K [0x00000000ec780000, 0x00000000ffc80000, 0x0000000100000000)
  eden space 156672K, 100% used [0x00000000ec780000,0x00000000f6080000,0x00000000f6080000)
  from space 70144K, 56% used [0x00000000f6080000,0x00000000f8728010,0x00000000fa500000)
  to   space 68608K, 0% used [0x00000000fb980000,0x00000000fb980000,0x00000000ffc80000)
 ParOldGen       total 305152K, used 271508K [0x00000000c5600000, 0x00000000d8000000, 0x00000000ec780000)
  object space 305152K, 88% used [0x00000000c5600000,0x00000000d5f252f8,0x00000000d8000000)
 Metaspace       used 16022K, capacity 16662K, committed 16896K, reserved 1062912K
  class space    used 2280K, capacity 2445K, committed 2560K, reserved 1048576K
Event: 91.741 GC heap after
Heap after GC invocations=47 (full 5):
 PSYoungGen      total 247808K, used 37056K [0x00000000ec780000, 0x00000000ffa80000, 0x0000000100000000)
  eden space 181248K, 0% used [0x00000000ec780000,0x00000000ec780000,0x00000000f7880000)
  from space 66560K, 55% used [0x00000000fb980000,0x00000000fddb0010,0x00000000ffa80000)
  to   space 66560K, 0% used [0x00000000f7880000,0x00000000f7880000,0x00000000fb980000)
 ParOldGen       total 305152K, used 282524K [0x00000000c5600000, 0x00000000d8000000, 0x00000000ec780000)
  object space 305152K, 92% used [0x00000000c5600000,0x00000000d69e72f8,0x00000000d8000000)
 Metaspace       used 16022K, capacity 16662K, committed 16896K, reserved 1062912K
  class space    used 2280K, capacity 2445K, committed 2560K, reserved 1048576K
}
Event: 92.041 GC heap before
{Heap before GC invocations=48 (full 5):
 PSYoungGen      total 247808K, used 218304K [0x00000000ec780000, 0x00000000ffa80000, 0x0000000100000000)
  eden space 181248K, 100% used [0x00000000ec780000,0x00000000f7880000,0x00000000f7880000)
  from space 66560K, 55% used [0x00000000fb980000,0x00000000fddb0010,0x00000000ffa80000)
  to   space 66560K, 0% used [0x00000000f7880000,0x00000000f7880000,0x00000000fb980000)
 ParOldGen       total 305152K, used 282524K [0x00000000c5600000, 0x00000000d8000000, 0x00000000ec780000)
  object space 305152K, 92% used [0x00000000c5600000,0x00000000d69e72f8,0x00000000d8000000)
 Metaspace       used 16022K, capacity 16662K, committed 16896K, reserved 1062912K
  class space    used 2280K, capacity 2445K, committed 2560K, reserved 1048576K
Event: 92.199 GC heap after
Heap after GC invocations=48 (full 5):
 PSYoungGen      total 247808K, used 33984K [0x00000000ec780000, 0x00000000ffa00000, 0x0000000100000000)
  eden space 181248K, 0% used [0x00000000ec780000,0x00000000ec780000,0x00000000f7880000)
  from space 66560K, 51% used [0x00000000f7880000,0x00000000f99b0010,0x00000000fb980000)
  to   space 63488K, 0% used [0x00000000fbc00000,0x00000000fbc00000,0x00000000ffa00000)
 ParOldGen       total 305152K, used 295460K [0x00000000c5600000, 0x00000000d8000000, 0x00000000ec780000)
  object space 305152K, 96% used [0x00000000c5600000,0x00000000d76892f8,0x00000000d8000000)
 Metaspace       used 16022K, capacity 16662K, committed 16896K, reserved 1062912K
  class space    used 2280K, capacity 2445K, committed 2560K, reserved 1048576K
}
Event: 92.199 GC heap before
{Heap before GC invocations=49 (full 6):
 PSYoungGen      total 247808K, used 33984K [0x00000000ec780000, 0x00000000ffa00000, 0x0000000100000000)
  eden space 181248K, 0% used [0x00000000ec780000,0x00000000ec780000,0x00000000f7880000)
  from space 66560K, 51% used [0x00000000f7880000,0x00000000f99b0010,0x00000000fb980000)
  to   space 63488K, 0% used [0x00000000fbc00000,0x00000000fbc00000,0x00000000ffa00000)
 ParOldGen       total 305152K, used 295460K [0x00000000c5600000, 0x00000000d8000000, 0x00000000ec780000)
  object space 305152K, 96% used [0x00000000c5600000,0x00000000d76892f8,0x00000000d8000000)
 Metaspace       used 16022K, capacity 16662K, committed 16896K, reserved 1062912K
  class space    used 2280K, capacity 2445K, committed 2560K, reserved 1048576K

