# JRE version: Java(TM) SE Runtime Environment (8.0_25-b17) (build 1.8.0_25-b17)
# Java VM: Java HotSpot(TM) 64-Bit Server VM (25.25-b02 mixed mode linux-amd64 compressed oops)
Heap:
 PSYoungGen      total 169984K, used 5120K [0x00000000ec780000, 0x00000000f7b80000, 0x0000000100000000)
  eden space 155648K, 0% used [0x00000000ec780000,0x00000000ec780000,0x00000000f5f80000)
  from space 14336K, 35% used [0x00000000f5f80000,0x00000000f6480000,0x00000000f6d80000)
  to   space 13824K, 0% used [0x00000000f6e00000,0x00000000f6e00000,0x00000000f7b80000)
 ParOldGen       total 59392K, used 39058K [0x00000000c5600000, 0x00000000c9000000, 0x00000000ec780000)
  object space 59392K, 65% used [0x00000000c5600000,0x00000000c7c24bf0,0x00000000c9000000)
 Metaspace       used 15981K, capacity 16582K, committed 16896K, reserved 1062912K
  class space    used 2287K, capacity 2434K, committed 2560K, reserved 1048576K
GC Heap History (10 events):
Event: 92.423 GC heap after
Heap after GC invocations=9 (full 1):
 PSYoungGen      total 77824K, used 3104K [0x00000000ec780000, 0x00000000f2600000, 0x0000000100000000)
  eden space 60928K, 0% used [0x00000000ec780000,0x00000000ec780000,0x00000000f0300000)
  from space 16896K, 18% used [0x00000000f1580000,0x00000000f1888000,0x00000000f2600000)
  to   space 17920K, 0% used [0x00000000f0300000,0x00000000f0300000,0x00000000f1480000)
 ParOldGen       total 59392K, used 25954K [0x00000000c5600000, 0x00000000c9000000, 0x00000000ec780000)
  object space 59392K, 43% used [0x00000000c5600000,0x00000000c6f58bf0,0x00000000c9000000)
 Metaspace       used 15981K, capacity 16582K, committed 16896K, reserved 1062912K
  class space    used 2287K, capacity 2434K, committed 2560K, reserved 1048576K
}
Event: 92.536 GC heap before
{Heap before GC invocations=10 (full 1):
 PSYoungGen      total 77824K, used 64032K [0x00000000ec780000, 0x00000000f2600000, 0x0000000100000000)
  eden space 60928K, 100% used [0x00000000ec780000,0x00000000f0300000,0x00000000f0300000)
  from space 16896K, 18% used [0x00000000f1580000,0x00000000f1888000,0x00000000f2600000)
  to   space 17920K, 0% used [0x00000000f0300000,0x00000000f0300000,0x00000000f1480000)
 ParOldGen       total 59392K, used 25954K [0x00000000c5600000, 0x00000000c9000000, 0x00000000ec780000)
  object space 59392K, 43% used [0x00000000c5600000,0x00000000c6f58bf0,0x00000000c9000000)
 Metaspace       used 15981K, capacity 16582K, committed 16896K, reserved 1062912K
  class space    used 2287K, capacity 2434K, committed 2560K, reserved 1048576K
Event: 92.552 GC heap after
Heap after GC invocations=10 (full 1):
 PSYoungGen      total 78848K, used 4000K [0x00000000ec780000, 0x00000000f4780000, 0x0000000100000000)
  eden space 60928K, 0% used [0x00000000ec780000,0x00000000ec780000,0x00000000f0300000)
  from space 17920K, 22% used [0x00000000f0300000,0x00000000f06e8000,0x00000000f1480000)
  to   space 16896K, 0% used [0x00000000f3700000,0x00000000f3700000,0x00000000f4780000)
 ParOldGen       total 59392K, used 26954K [0x00000000c5600000, 0x00000000c9000000, 0x00000000ec780000)
  object space 59392K, 45% used [0x00000000c5600000,0x00000000c7052bf0,0x00000000c9000000)
 Metaspace       used 15981K, capacity 16582K, committed 16896K, reserved 1062912K
  class space    used 2287K, capacity 2434K, committed 2560K, reserved 1048576K
}
Event: 92.603 GC heap before
{Heap before GC invocations=11 (full 1):
 PSYoungGen      total 78848K, used 64928K [0x00000000ec780000, 0x00000000f4780000, 0x0000000100000000)
  eden space 60928K, 100% used [0x00000000ec780000,0x00000000f0300000,0x00000000f0300000)
  from space 17920K, 22% used [0x00000000f0300000,0x00000000f06e8000,0x00000000f1480000)
  to   space 16896K, 0% used [0x00000000f3700000,0x00000000f3700000,0x00000000f4780000)
 ParOldGen       total 59392K, used 26954K [0x00000000c5600000, 0x00000000c9000000, 0x00000000ec780000)
  object space 59392K, 45% used [0x00000000c5600000,0x00000000c7052bf0,0x00000000c9000000)
 Metaspace       used 15981K, capacity 16582K, committed 16896K, reserved 1062912K
  class space    used 2287K, capacity 2434K, committed 2560K, reserved 1048576K
Event: 92.619 GC heap after
Heap after GC invocations=11 (full 1):
 PSYoungGen      total 112128K, used 4000K [0x00000000ec780000, 0x00000000f4580000, 0x0000000100000000)
  eden space 97280K, 0% used [0x00000000ec780000,0x00000000ec780000,0x00000000f2680000)
  from space 14848K, 26% used [0x00000000f3700000,0x00000000f3ae8000,0x00000000f4580000)
  to   space 15872K, 0% used [0x00000000f2680000,0x00000000f2680000,0x00000000f3600000)
 ParOldGen       total 59392K, used 28954K [0x00000000c5600000, 0x00000000c9000000, 0x00000000ec780000)
  object space 59392K, 48% used [0x00000000c5600000,0x00000000c7246bf0,0x00000000c9000000)
 Metaspace       used 15981K, capacity 16582K, committed 16896K, reserved 1062912K
  class space    used 2287K, capacity 2434K, committed 2560K, reserved 1048576K
}
Event: 94.280 GC heap before
{Heap before GC invocations=12 (full 1):
 PSYoungGen      total 112128K, used 101280K [0x00000000ec780000, 0x00000000f4580000, 0x0000000100000000)
  eden space 97280K, 100% used [0x00000000ec780000,0x00000000f2680000,0x00000000f2680000)
  from space 14848K, 26% used [0x00000000f3700000,0x00000000f3ae8000,0x00000000f4580000)
  to   space 15872K, 0% used [0x00000000f2680000,0x00000000f2680000,0x00000000f3600000)
 ParOldGen       total 59392K, used 28954K [0x00000000c5600000, 0x00000000c9000000, 0x00000000ec780000)
  object space 59392K, 48% used [0x00000000c5600000,0x00000000c7246bf0,0x00000000c9000000)
 Metaspace       used 15981K, capacity 16582K, committed 16896K, reserved 1062912K
  class space    used 2287K, capacity 2434K, committed 2560K, reserved 1048576K
Event: 94.714 GC heap after
Heap after GC invocations=12 (full 1):
 PSYoungGen      total 113152K, used 3264K [0x00000000ec780000, 0x00000000f7d00000, 0x0000000100000000)
  eden space 97280K, 0% used [0x00000000ec780000,0x00000000ec780000,0x00000000f2680000)
  from space 15872K, 20% used [0x00000000f2680000,0x00000000f29b0000,0x00000000f3600000)
  to   space 15360K, 0% used [0x00000000f6e00000,0x00000000f6e00000,0x00000000f7d00000)
 ParOldGen       total 59392K, used 32818K [0x00000000c5600000, 0x00000000c9000000, 0x00000000ec780000)
  object space 59392K, 55% used [0x00000000c5600000,0x00000000c760cbf0,0x00000000c9000000)
 Metaspace       used 15981K, capacity 16582K, committed 16896K, reserved 1062912K
  class space    used 2287K, capacity 2434K, committed 2560K, reserved 1048576K
}
Event: 94.794 GC heap before
{Heap before GC invocations=13 (full 1):
 PSYoungGen      total 113152K, used 100544K [0x00000000ec780000, 0x00000000f7d00000, 0x0000000100000000)
  eden space 97280K, 100% used [0x00000000ec780000,0x00000000f2680000,0x00000000f2680000)
  from space 15872K, 20% used [0x00000000f2680000,0x00000000f29b0000,0x00000000f3600000)
  to   space 15360K, 0% used [0x00000000f6e00000,0x00000000f6e00000,0x00000000f7d00000)
 ParOldGen       total 59392K, used 32818K [0x00000000c5600000, 0x00000000c9000000, 0x00000000ec780000)
  object space 59392K, 55% used [0x00000000c5600000,0x00000000c760cbf0,0x00000000c9000000)
 Metaspace       used 15981K, capacity 16582K, committed 16896K, reserved 1062912K
  class space    used 2287K, capacity 2434K, committed 2560K, reserved 1048576K
Event: 95.493 GC heap after
Heap after GC invocations=13 (full 1):
 PSYoungGen      total 169472K, used 3200K [0x00000000ec780000, 0x00000000f7b80000, 0x0000000100000000)
  eden space 155648K, 0% used [0x00000000ec780000,0x00000000ec780000,0x00000000f5f80000)
  from space 13824K, 23% used [0x00000000f6e00000,0x00000000f7120000,0x00000000f7b80000)
  to   space 14336K, 0% used [0x00000000f5f80000,0x00000000f5f80000,0x00000000f6d80000)
 ParOldGen       total 59392K, used 35962K [0x00000000c5600000, 0x00000000c9000000, 0x00000000ec780000)
  object space 59392K, 60% used [0x00000000c5600000,0x00000000c791ebf0,0x00000000c9000000)
 Metaspace       used 15981K, capacity 16582K, committed 16896K, reserved 1062912K
  class space    used 2287K, capacity 2434K, committed 2560K, reserved 1048576K
}
Event: 98.824 GC heap before
{Heap before GC invocations=14 (full 1):
 PSYoungGen      total 169472K, used 158848K [0x00000000ec780000, 0x00000000f7b80000, 0x0000000100000000)
  eden space 155648K, 100% used [0x00000000ec780000,0x00000000f5f80000,0x00000000f5f80000)
  from space 13824K, 23% used [0x00000000f6e00000,0x00000000f7120000,0x00000000f7b80000)
  to   space 14336K, 0% used [0x00000000f5f80000,0x00000000f5f80000,0x00000000f6d80000)
 ParOldGen       total 59392K, used 35962K [0x00000000c5600000, 0x00000000c9000000, 0x00000000ec780000)
  object space 59392K, 60% used [0x00000000c5600000,0x00000000c791ebf0,0x00000000c9000000)
 Metaspace       used 15981K, capacity 16582K, committed 16896K, reserved 1062912K
  class space    used 2287K, capacity 2434K, committed 2560K, reserved 1048576K

