# JRE version: Java(TM) SE Runtime Environment (8.0_25-b17) (build 1.8.0_25-b17)
# Java VM: Java HotSpot(TM) 64-Bit Server VM (25.25-b02 mixed mode linux-amd64 compressed oops)
Heap:
 PSYoungGen      total 229376K, used 196508K [0x00000000ec780000, 0x0000000100000000, 0x0000000100000000)
  eden space 167424K, 80% used [0x00000000ec780000,0x00000000f4b04ff8,0x00000000f6b00000)
  from space 61952K, 99% used [0x00000000f6b00000,0x00000000fa762010,0x00000000fa780000)
  to   space 82944K, 0% used [0x00000000faf00000,0x00000000faf00000,0x0000000100000000)
 ParOldGen       total 640512K, used 580339K [0x00000000c5600000, 0x00000000ec780000, 0x00000000ec780000)
  object space 640512K, 90% used [0x00000000c5600000,0x00000000e8cbcfc0,0x00000000ec780000)
 Metaspace       used 17758K, capacity 18420K, committed 18688K, reserved 1064960K
  class space    used 2340K, capacity 2515K, committed 2560K, reserved 1048576K
GC Heap History (10 events):
Event: 5747.322 GC heap before
{Heap before GC invocations=116 (full 15):
 PSYoungGen      total 267776K, used 253568K [0x00000000ec780000, 0x0000000100000000, 0x0000000100000000)
  eden space 219648K, 100% used [0x00000000ec780000,0x00000000f9e00000,0x00000000f9e00000)
  from space 48128K, 70% used [0x00000000fd100000,0x00000000ff220000,0x0000000100000000)
  to   space 50176K, 0% used [0x00000000f9e00000,0x00000000f9e00000,0x00000000fcf00000)
 ParOldGen       total 640512K, used 573563K [0x00000000c5600000, 0x00000000ec780000, 0x00000000ec780000)
  object space 640512K, 89% used [0x00000000c5600000,0x00000000e861efc0,0x00000000ec780000)
 Metaspace       used 17725K, capacity 18312K, committed 18432K, reserved 1064960K
  class space    used 2333K, capacity 2481K, committed 2560K, reserved 1048576K
Event: 5747.406 GC heap after
Heap after GC invocations=116 (full 15):
 PSYoungGen      total 260608K, used 40800K [0x00000000ec780000, 0x0000000100000000, 0x0000000100000000)
  eden space 219648K, 0% used [0x00000000ec780000,0x00000000ec780000,0x00000000f9e00000)
  from space 40960K, 99% used [0x00000000f9e00000,0x00000000fc5d8000,0x00000000fc600000)
  to   space 54784K, 0% used [0x00000000fca80000,0x00000000fca80000,0x0000000100000000)
 ParOldGen       total 640512K, used 573563K [0x00000000c5600000, 0x00000000ec780000, 0x00000000ec780000)
  object space 640512K, 89% used [0x00000000c5600000,0x00000000e861efc0,0x00000000ec780000)
 Metaspace       used 17725K, capacity 18312K, committed 18432K, reserved 1064960K
  class space    used 2333K, capacity 2481K, committed 2560K, reserved 1048576K
}
Event: 5747.622 GC heap before
{Heap before GC invocations=117 (full 15):
 PSYoungGen      total 260608K, used 260448K [0x00000000ec780000, 0x0000000100000000, 0x0000000100000000)
  eden space 219648K, 100% used [0x00000000ec780000,0x00000000f9e00000,0x00000000f9e00000)
  from space 40960K, 99% used [0x00000000f9e00000,0x00000000fc5d8000,0x00000000fc600000)
  to   space 54784K, 0% used [0x00000000fca80000,0x00000000fca80000,0x0000000100000000)
 ParOldGen       total 640512K, used 573563K [0x00000000c5600000, 0x00000000ec780000, 0x00000000ec780000)
  object space 640512K, 89% used [0x00000000c5600000,0x00000000e861efc0,0x00000000ec780000)
 Metaspace       used 17725K, capacity 18312K, committed 18432K, reserved 1064960K
  class space    used 2333K, capacity 2481K, committed 2560K, reserved 1048576K
Event: 5747.729 GC heap after
Heap after GC invocations=117 (full 15):
 PSYoungGen      total 252928K, used 47712K [0x00000000ec780000, 0x0000000100000000, 0x0000000100000000)
  eden space 198144K, 0% used [0x00000000ec780000,0x00000000ec780000,0x00000000f8900000)
  from space 54784K, 87% used [0x00000000fca80000,0x00000000ff918000,0x0000000100000000)
  to   space 60928K, 0% used [0x00000000f8900000,0x00000000f8900000,0x00000000fc480000)
 ParOldGen       total 640512K, used 573563K [0x00000000c5600000, 0x00000000ec780000, 0x00000000ec780000)
  object space 640512K, 89% used [0x00000000c5600000,0x00000000e861efc0,0x00000000ec780000)
 Metaspace       used 17725K, capacity 18312K, committed 18432K, reserved 1064960K
  class space    used 2333K, capacity 2481K, committed 2560K, reserved 1048576K
}
Event: 5747.926 GC heap before
{Heap before GC invocations=118 (full 15):
 PSYoungGen      total 252928K, used 245856K [0x00000000ec780000, 0x0000000100000000, 0x0000000100000000)
  eden space 198144K, 100% used [0x00000000ec780000,0x00000000f8900000,0x00000000f8900000)
  from space 54784K, 87% used [0x00000000fca80000,0x00000000ff918000,0x0000000100000000)
  to   space 60928K, 0% used [0x00000000f8900000,0x00000000f8900000,0x00000000fc480000)
 ParOldGen       total 640512K, used 573563K [0x00000000c5600000, 0x00000000ec780000, 0x00000000ec780000)
  object space 640512K, 89% used [0x00000000c5600000,0x00000000e861efc0,0x00000000ec780000)
 Metaspace       used 17725K, capacity 18312K, committed 18432K, reserved 1064960K
  class space    used 2333K, capacity 2481K, committed 2560K, reserved 1048576K
Event: 5748.053 GC heap after
Heap after GC invocations=118 (full 15):
 PSYoungGen      total 252416K, used 53984K [0x00000000ec780000, 0x0000000100000000, 0x0000000100000000)
  eden space 198144K, 0% used [0x00000000ec780000,0x00000000ec780000,0x00000000f8900000)
  from space 54272K, 99% used [0x00000000f8900000,0x00000000fbdb8000,0x00000000fbe00000)
  to   space 67584K, 0% used [0x00000000fbe00000,0x00000000fbe00000,0x0000000100000000)
 ParOldGen       total 640512K, used 573563K [0x00000000c5600000, 0x00000000ec780000, 0x00000000ec780000)
  object space 640512K, 89% used [0x00000000c5600000,0x00000000e861efc0,0x00000000ec780000)
 Metaspace       used 17725K, capacity 18312K, committed 18432K, reserved 1064960K
  class space    used 2333K, capacity 2481K, committed 2560K, reserved 1048576K
}
Event: 5748.670 GC heap before
{Heap before GC invocations=119 (full 15):
 PSYoungGen      total 252416K, used 252128K [0x00000000ec780000, 0x0000000100000000, 0x0000000100000000)
  eden space 198144K, 100% used [0x00000000ec780000,0x00000000f8900000,0x00000000f8900000)
  from space 54272K, 99% used [0x00000000f8900000,0x00000000fbdb8000,0x00000000fbe00000)
  to   space 67584K, 0% used [0x00000000fbe00000,0x00000000fbe00000,0x0000000100000000)
 ParOldGen       total 640512K, used 573563K [0x00000000c5600000, 0x00000000ec780000, 0x00000000ec780000)
  object space 640512K, 89% used [0x00000000c5600000,0x00000000e861efc0,0x00000000ec780000)
 Metaspace       used 17725K, capacity 18312K, committed 18432K, reserved 1064960K
  class space    used 2333K, capacity 2481K, committed 2560K, reserved 1048576K
Event: 5748.799 GC heap after
Heap after GC invocations=119 (full 15):
 PSYoungGen      total 235008K, used 61800K [0x00000000ec780000, 0x0000000100000000, 0x0000000100000000)
  eden space 167424K, 0% used [0x00000000ec780000,0x00000000ec780000,0x00000000f6b00000)
  from space 67584K, 91% used [0x00000000fbe00000,0x00000000ffa5a010,0x0000000100000000)
  to   space 76288K, 0% used [0x00000000f6b00000,0x00000000f6b00000,0x00000000fb580000)
 ParOldGen       total 640512K, used 580339K [0x00000000c5600000, 0x00000000ec780000, 0x00000000ec780000)
  object space 640512K, 90% used [0x00000000c5600000,0x00000000e8cbcfc0,0x00000000ec780000)
 Metaspace       used 17725K, capacity 18312K, committed 18432K, reserved 1064960K
  class space    used 2333K, capacity 2481K, committed 2560K, reserved 1048576K
}
Event: 5754.493 GC heap before
{Heap before GC invocations=120 (full 15):
 PSYoungGen      total 235008K, used 229224K [0x00000000ec780000, 0x0000000100000000, 0x0000000100000000)
  eden space 167424K, 100% used [0x00000000ec780000,0x00000000f6b00000,0x00000000f6b00000)
  from space 67584K, 91% used [0x00000000fbe00000,0x00000000ffa5a010,0x0000000100000000)
  to   space 76288K, 0% used [0x00000000f6b00000,0x00000000f6b00000,0x00000000fb580000)
 ParOldGen       total 640512K, used 580339K [0x00000000c5600000, 0x00000000ec780000, 0x00000000ec780000)
  object space 640512K, 90% used [0x00000000c5600000,0x00000000e8cbcfc0,0x00000000ec780000)
 Metaspace       used 17725K, capacity 18312K, committed 18432K, reserved 1064960K
  class space    used 2333K, capacity 2481K, committed 2560K, reserved 1048576K
Event: 5754.600 GC heap after
Heap after GC invocations=120 (full 15):
 PSYoungGen      total 229376K, used 61832K [0x00000000ec780000, 0x0000000100000000, 0x0000000100000000)
  eden space 167424K, 0% used [0x00000000ec780000,0x00000000ec780000,0x00000000f6b00000)
  from space 61952K, 99% used [0x00000000f6b00000,0x00000000fa762010,0x00000000fa780000)
  to   space 82944K, 0% used [0x00000000faf00000,0x00000000faf00000,0x0000000100000000)
 ParOldGen       total 640512K, used 580339K [0x00000000c5600000, 0x00000000ec780000, 0x00000000ec780000)
  object space 640512K, 90% used [0x00000000c5600000,0x00000000e8cbcfc0,0x00000000ec780000)
 Metaspace       used 17725K, capacity 18312K, committed 18432K, reserved 1064960K
  class space    used 2333K, capacity 2481K, committed 2560K, reserved 1048576K
}

